Arguments: 
  C:\Program Files\nodejs\node.exe C:\Users\Hp\AppData\Roaming\npm\node_modules\@sanity\cli\vendor\yarn install --json --non-interactive --ignore-engines --network-timeout 60000 --registry https://registry.npmjs.org

PATH: 
  C:\Users\Hp\AppData\Roaming\npm\node_modules\vendor;C:\Program Files (x86)\Common Files\Oracle\Java\javapath;C:\WINDOWS\system32;C:\WINDOWS;C:\WINDOWS\System32\Wbem;C:\WINDOWS\System32\WindowsPowerShell\v1.0\;C:\WINDOWS\System32\OpenSSH\;C:\Program Files\MongoDB\Server\5.0\bin;C:\Program Files\nodejs\;C:\Users\Hp\AppData\Local\Programs\Python\Python39\Scripts\;C:\Users\Hp\AppData\Local\Programs\Python\Python39\;C:\Users\Hp\AppData\Local\Microsoft\WindowsApps;;C:\Users\Hp\AppData\Local\Programs\Microsoft VS Code\bin;C:\Users\Hp\AppData\Roaming\npm

Yarn version: 
  1.22.17

Node version: 
  16.15.0

Platform: 
  win32 x64

Trace: 
  Error: connect EHOSTUNREACH 104.16.19.35:443
      at TCPConnectWrap.afterConnect [as oncomplete] (node:net:1187:16)

npm manifest: 
  {
      
      "version":"1.0.0",
      "description": "",
      "main":"package.json",
      "author":"Haris Ali Khan",
      "license":"UNLICENSED",
      "scripts":{
          "start":"sanity start",
          "build":"sanity build"
      },
      "keywords": [
          "sanity"
      ],
      "dependencies":{
          "@sanity/base":"^2.30.1",
          "@sanity/core":"^2.30.1",
          "@sanity/default-layout": "^2.30.1",
          "@sanity/default-login": "^2.30.1",
          "@sanity/desk-tool":"^2.30.1",
          "@sanity/eslint-config-studio": "^2.0.0",
          "@sanity/vision":"^2.30.1",
          "eslint":"^8.6.0",
          "prop-types":"^15.7",
          "react":"^17.0",
          "react-dom":"^17.0",
          "styled-components":"^5.2.0"
      },
      "devDependencies": {}
  }

yarn manifest: 
  No manifest

Lockfile: 
  No lockfile
